<?xml version="1.0" encoding="UTF-8"?>
<testsuite name="hello.ApplicationTest" time="1.148" tests="3" errors="0" skipped="0" failures="1">
  <properties>
[...]
</properties>
  <testcase name="homePageRedirects" classname="hello.ApplicationTest" time="0.078"/>
  <testcase name="connectPageHasLink" classname="hello.ApplicationTest" time="0.258"/>
  <testcase name="connectHandlerRedirects" classname="hello.ApplicationTest" time="0.812">
    <failure message="Redirected URL" type="java.lang.AssertionError">java.lang.AssertionError: Redirected URL
	at org.springframework.test.util.AssertionErrors.fail(AssertionErrors.java:35)
	at org.springframework.test.util.AssertionErrors.assertTrue(AssertionErrors.java:65)
	at org.springframework.test.web.servlet.result.MockMvcResultMatchers$4.match(MockMvcResultMatchers.java:142)
	at org.springframework.test.web.servlet.MockMvc$1.andExpect(MockMvc.java:171)
	at hello.ApplicationTest.connectHandlerRedirects(ApplicationTest.java:73)
</failure>
    <system-out><![CDATA[HHHHHHHHHHHHHHHH

MockHttpServletRequest:
      HTTP Method = GET
      Request URI = /
       Parameters = {}
          Headers = {}

Handler:
             Type = hello.HelloController
           Method = public java.lang.String hello.HelloController.helloTwitter(org.springframework.ui.Model)

Async:
    Async started = false
     Async result = null

Resolved Exception:
             Type = null

ModelAndView:
        View name = redirect:/connect/twitter
             View = null
            Model = null

FlashMap:
       Attributes = null

MockHttpServletResponse:
           Status = 302
    Error message = null
          Headers = {Location=[/connect/twitter]}
     Content type = null
             Body = 
    Forwarded URL = null
   Redirected URL = /connect/twitter
          Cookies = []

MockHttpServletRequest:
      HTTP Method = GET
      Request URI = /connect/twitter
       Parameters = {}
          Headers = {}

Handler:
             Type = org.springframework.social.connect.web.ConnectController
           Method = public java.lang.String org.springframework.social.connect.web.ConnectController.connectionStatus(java.lang.String,org.springframework.web.context.request.NativeWebRequest,org.springframework.ui.Model)

Async:
    Async started = false
     Async result = null

Resolved Exception:
             Type = null

ModelAndView:
        View name = connect/twitterConnect
             View = null
        Attribute = social_authorization_error
            value = null

FlashMap:
       Attributes = null

MockHttpServletResponse:
           Status = 200
    Error message = null
          Headers = {Pragma=[no-cache], Expires=[Thu, 01 Jan 1970 00:00:00 GMT], Cache-Control=[no-cache, no-store], Content-Type=[text/html;charset=UTF-8]}
     Content type = text/html;charset=UTF-8
             Body = <html>
	<head>
		<title>Hello Twitter</title>
	</head>
	<body>
		<h3>Connect to Twitter</h3>
		
		<form action="/connect/twitter" method="POST">
			<div class="formInfo">
				<p>You aren't connected to Twitter yet. Click the button to connect this application with your Twitter account.</p>
			</div>
			<p><button type="submit">Connect to Twitter</button></p>
		</form>
	</body>
</html>
    Forwarded URL = null
   Redirected URL = null
          Cookies = []

MockHttpServletRequest:
      HTTP Method = POST
      Request URI = /connect/twitter
       Parameters = {}
          Headers = {}

Handler:
             Type = org.springframework.social.connect.web.ConnectController
           Method = public org.springframework.web.servlet.view.RedirectView org.springframework.social.connect.web.ConnectController.connect(java.lang.String,org.springframework.web.context.request.NativeWebRequest)

Async:
    Async started = false
     Async result = null

Resolved Exception:
             Type = null

ModelAndView:
        View name = null
             View = org.springframework.web.servlet.view.RedirectView: unnamed; URL [/connect/twitter]
            Model = null

FlashMap:
       Attributes = null

MockHttpServletResponse:
           Status = 302
    Error message = null
          Headers = {Location=[/connect/twitter]}
     Content type = null
             Body = 
    Forwarded URL = null
   Redirected URL = /connect/twitter
          Cookies = []
]]></system-out>
  </testcase>
</testsuite>